<?xml version="1.0" encoding="UTF-8"?>
<!-- Generated by org.testng.reporters.JUnitReportReporter -->
<testsuite hostname="LAPTOP-7DB4GVKK" failures="0" tests="6" name="com.orangehrm.qa.tests.Test_ResetPassword" time="2.992" errors="0" timestamp="2022-09-06T16:47:34 IST" skipped="0">
  <testcase classname="com.orangehrm.qa.tests.Test_ResetPassword" name="testResetPassBtnISdisplay" time="0.076"/>
  <system-out/>
  <testcase classname="com.orangehrm.qa.tests.Test_ResetPassword" name="testResetPass" time="0.672"/>
  <system-out/>
  <testcase classname="com.orangehrm.qa.tests.Test_ResetPassword" name="testResetPassText" time="0.043"/>
  <system-out/>
  <testcase classname="com.orangehrm.qa.tests.Test_ResetPassword" name="testUsernameText" time="0.060"/>
  <system-out/>
  <testcase classname="com.orangehrm.qa.tests.Test_ResetPassword" name="testCancelBtnDisplay" time="1.482"/>
  <system-out/>
  <testcase classname="com.orangehrm.qa.tests.Test_ResetPassword" name="testEnterUsername" time="0.659"/>
  <system-out/>
</testsuite> <!-- com.orangehrm.qa.tests.Test_ResetPassword -->
