<?xml version="1.0" encoding="UTF-8"?>
<!-- Generated by org.testng.reporters.JUnitReportReporter -->
<testsuite skipped="6" hostname="LAPTOP-7DB4GVKK" name="com.orangehrm.qa.tests.TestHomePage" tests="7" failures="0" timestamp="2022-09-07T23:04:01 IST" time="5.430" errors="1">
  <testcase name="testLeavepage" time="0.000" classname="com.orangehrm.qa.tests.TestHomePage">
    <skipped/>
  </testcase> <!-- testLeavepage -->
  <testcase name="test_Admin_Page" time="0.000" classname="com.orangehrm.qa.tests.TestHomePage">
    <skipped/>
  </testcase> <!-- test_Admin_Page -->
  <testcase name="checkEmployeeInfo" time="0.000" classname="com.orangehrm.qa.tests.TestHomePage">
    <skipped/>
  </testcase> <!-- checkEmployeeInfo -->
  <testcase name="test_My_Info_Page" time="0.000" classname="com.orangehrm.qa.tests.TestHomePage">
    <skipped/>
  </testcase> <!-- test_My_Info_Page -->
  <testcase name="checkAddBtn" time="0.000" classname="com.orangehrm.qa.tests.TestHomePage">
    <skipped/>
  </testcase> <!-- checkAddBtn -->
  <testcase name="checkMenuList" time="0.000" classname="com.orangehrm.qa.tests.TestHomePage">
    <skipped/>
  </testcase> <!-- checkMenuList -->
  <testcase name="beforeMethod" time="5.430" classname="com.orangehrm.qa.tests.TestHomePage">
    <error type="java.lang.NullPointerException">
      <![CDATA[java.lang.NullPointerException
at com.orangehrm.qa.basetest.BaseClass.beforeMethod(BaseClass.java:31)
at sun.reflect.NativeMethodAccessorImpl.invoke0(Native Method)
at sun.reflect.NativeMethodAccessorImpl.invoke(NativeMethodAccessorImpl.java:62)
at sun.reflect.DelegatingMethodAccessorImpl.invoke(DelegatingMethodAccessorImpl.java:43)
at java.lang.reflect.Method.invoke(Method.java:498)
at org.testng.internal.MethodInvocationHelper.invokeMethod(MethodInvocationHelper.java:133)
at org.testng.internal.MethodInvocationHelper.invokeMethodConsideringTimeout(MethodInvocationHelper.java:62)
at org.testng.internal.ConfigInvoker.invokeConfigurationMethod(ConfigInvoker.java:340)
at org.testng.internal.ConfigInvoker.invokeConfigurations(ConfigInvoker.java:294)
at org.testng.internal.TestInvoker.runConfigMethods(TestInvoker.java:683)
at org.testng.internal.TestInvoker.invokeMethod(TestInvoker.java:510)
at org.testng.internal.TestInvoker.invokeTestMethod(TestInvoker.java:172)
at org.testng.internal.MethodRunner.runInSequence(MethodRunner.java:46)
at org.testng.internal.TestInvoker$MethodInvocationAgent.invoke(TestInvoker.java:804)
at org.testng.internal.TestInvoker.invokeTestMethods(TestInvoker.java:145)
at org.testng.internal.TestMethodWorker.invokeTestMethods(TestMethodWorker.java:146)
at org.testng.internal.TestMethodWorker.run(TestMethodWorker.java:128)
at java.util.concurrent.ThreadPoolExecutor.runWorker(ThreadPoolExecutor.java:1149)
at java.util.concurrent.ThreadPoolExecutor$Worker.run(ThreadPoolExecutor.java:624)
at java.lang.Thread.run(Thread.java:750)
]]>
    </error>
  </testcase> <!-- beforeMethod -->
</testsuite> <!-- com.orangehrm.qa.tests.TestHomePage -->
