<?xml version="1.0" encoding="UTF-8"?>
<!-- Generated by org.testng.reporters.JUnitReportReporter -->
<testsuite skipped="0" hostname="LAPTOP-7DB4GVKK" name="com.orangehrm.qa.tests.NewLoginPageTest" tests="6" failures="0" timestamp="2022-09-07T23:04:01 IST" time="0.070" errors="0">
  <testcase name="getDatabyMap" time="0.028" classname="com.orangehrm.qa.tests.NewLoginPageTest"/>
  <testcase name="getData" time="0.001" classname="com.orangehrm.qa.tests.NewLoginPageTest"/>
  <testcase name="getData" time="0.001" classname="com.orangehrm.qa.tests.NewLoginPageTest"/>
  <testcase name="getData" time="0.005" classname="com.orangehrm.qa.tests.NewLoginPageTest"/>
  <testcase name="getData" time="0.002" classname="com.orangehrm.qa.tests.NewLoginPageTest"/>
  <testcase name="getDataFromRow" time="0.033" classname="com.orangehrm.qa.tests.NewLoginPageTest"/>
</testsuite> <!-- com.orangehrm.qa.tests.NewLoginPageTest -->
