<?xml version="1.0" encoding="UTF-8"?>
<!-- Generated by org.testng.reporters.JUnitReportReporter -->
<testsuite skipped="0" hostname="LAPTOP-7DB4GVKK" name="com.orangehrm.qa.tests.Test_Directory_Page" tests="3" failures="0" timestamp="2022-09-09T00:03:21 IST" time="60.143" errors="0">
  <testcase name="testJobLocation" time="17.091" classname="com.orangehrm.qa.tests.Test_Directory_Page"/>
  <testcase name="testEmpName" time="24.130" classname="com.orangehrm.qa.tests.Test_Directory_Page"/>
  <testcase name="testJobTitle" time="18.922" classname="com.orangehrm.qa.tests.Test_Directory_Page"/>
</testsuite> <!-- com.orangehrm.qa.tests.Test_Directory_Page -->
