<?xml version="1.0" encoding="UTF-8"?>
<!-- Generated by org.testng.reporters.JUnitReportReporter -->
<testsuite skipped="0" hostname="LAPTOP-7DB4GVKK" name="Au" tests="1" failures="0" timestamp="2022-08-25T19:22:24 IST" time="0.007" errors="0">
  <testcase name="m1" time="0.007" classname="Au"/>
</testsuite> <!-- Au -->
